<?xml version="1.0" encoding="UTF-8"?>
<!-- Generated by org.testng.reporters.JUnitXMLReporter -->
<testsuite hostname="DR-INDTPTY-008" ignored="0" name="Default test" tests="4" failures="0" timestamp="21 Jan 2020 10:01:17 GMT" time="75.03" errors="0">
  <testcase name="getpricing" time="0.381" classname="testcases.BookAppointment"/>
  <testcase name="selectPlan" time="4.637" classname="testcases.BookAppointment"/>
  <testcase name="services" time="0.922" classname="testcases.BookAppointment"/>
  <testcase name="checkOut" time="46.893" classname="testcases.BookAppointment"/>
</testsuite> <!-- Default test -->
