<?xml version="1.0" encoding="UTF-8"?>
<testng-results skipped="0" failed="0" ignored="0" total="4" passed="4">
  <reporter-output>
  </reporter-output>
  <suite name="Default suite" duration-ms="75030" started-at="2020-01-21T10:00:02Z" finished-at="2020-01-21T10:01:17Z">
    <groups>
    </groups>
    <test name="Default test" duration-ms="75030" started-at="2020-01-21T10:00:02Z" finished-at="2020-01-21T10:01:17Z">
      <class name="testcases.BookAppointment">
        <test-method status="PASS" signature="setUp()[pri:0, instance:testcases.BookAppointment@598067a5]" name="setUp" is-config="true" duration-ms="21207" started-at="2020-01-21T10:00:02Z" finished-at="2020-01-21T10:00:23Z">
          <reporter-output>
          </reporter-output>
        </test-method> <!-- setUp -->
        <test-method status="PASS" signature="getpricing()[pri:1, instance:testcases.BookAppointment@598067a5]" name="getpricing" duration-ms="381" started-at="2020-01-21T10:00:23Z" finished-at="2020-01-21T10:00:23Z">
          <reporter-output>
          </reporter-output>
        </test-method> <!-- getpricing -->
        <test-method status="PASS" signature="selectPlan()[pri:2, instance:testcases.BookAppointment@598067a5]" name="selectPlan" duration-ms="4637" started-at="2020-01-21T10:00:23Z" finished-at="2020-01-21T10:00:28Z">
          <reporter-output>
          </reporter-output>
        </test-method> <!-- selectPlan -->
        <test-method status="PASS" signature="services()[pri:3, instance:testcases.BookAppointment@598067a5]" name="services" duration-ms="922" started-at="2020-01-21T10:00:28Z" finished-at="2020-01-21T10:00:29Z">
          <reporter-output>
          </reporter-output>
        </test-method> <!-- services -->
        <test-method status="PASS" signature="checkOut()[pri:4, instance:testcases.BookAppointment@598067a5]" name="checkOut" duration-ms="46893" started-at="2020-01-21T10:00:29Z" finished-at="2020-01-21T10:01:16Z">
          <reporter-output>
          </reporter-output>
        </test-method> <!-- checkOut -->
        <test-method status="PASS" signature="tearDown()[pri:0, instance:testcases.BookAppointment@598067a5]" name="tearDown" is-config="true" duration-ms="948" started-at="2020-01-21T10:01:16Z" finished-at="2020-01-21T10:01:17Z">
          <reporter-output>
          </reporter-output>
        </test-method> <!-- tearDown -->
      </class> <!-- testcases.BookAppointment -->
    </test> <!-- Default test -->
  </suite> <!-- Default suite -->
</testng-results>
