<?xml version="1.0" encoding="UTF-8"?>
<testng-results skipped="0" failed="0" ignored="0" total="0" passed="0">
  <reporter-output>
  </reporter-output>
  <suite name="utilitites.TestBase" duration-ms="5" started-at="2020-01-21T05:34:00Z" finished-at="2020-01-21T05:34:00Z">
    <groups>
    </groups>
    <test name="Command line test" duration-ms="5" started-at="2020-01-21T05:34:00Z" finished-at="2020-01-21T05:34:00Z">
    </test> <!-- Command line test -->
  </suite> <!-- utilitites.TestBase -->
</testng-results>
