<?xml version="1.0" encoding="UTF-8"?>
<!-- Generated by org.testng.reporters.JUnitXMLReporter -->
<testsuite hostname="DR-INDTPTY-008" ignored="0" name="SmokeRegistration" tests="4" failures="0" timestamp="21 Jan 2020 09:34:17 GMT" time="107.494" errors="0">
  <testcase name="getpricing" time="0.369" classname="testcases.BookAppointment"/>
  <testcase name="selectPlan" time="4.305" classname="testcases.BookAppointment"/>
  <testcase name="services" time="0.975" classname="testcases.BookAppointment"/>
  <testcase name="checkOut" time="77.745" classname="testcases.BookAppointment"/>
</testsuite> <!-- SmokeRegistration -->
